2018-11-22 21:40:33,689 CRIT Supervisor running as root (no user in config file)
2018-11-22 21:40:33,725 INFO supervisord started with pid 1
2018-11-22 21:40:34,729 INFO spawned: 'spark-master' with pid 8
2018-11-22 21:40:35,325 INFO exited: spark-master (exit status 254; not expected)
2018-11-22 21:40:36,330 INFO spawned: 'spark-master' with pid 19
2018-11-22 21:40:37,010 INFO exited: spark-master (exit status 254; not expected)
2018-11-22 21:40:39,020 INFO spawned: 'spark-master' with pid 30
2018-11-22 21:40:39,488 INFO exited: spark-master (exit status 254; not expected)
2018-11-22 21:40:42,504 INFO spawned: 'spark-master' with pid 41
2018-11-22 21:40:42,874 INFO exited: spark-master (exit status 254; not expected)
2018-11-22 21:40:43,877 INFO gave up: spark-master entered FATAL state, too many start retries too quickly
2018-11-22 21:41:07,018 WARN received SIGTERM indicating exit request
2018-11-22 21:41:14,980 CRIT Supervisor running as root (no user in config file)
2018-11-22 21:41:14,997 INFO supervisord started with pid 1
2018-11-22 21:41:16,002 INFO spawned: 'spark-master' with pid 8
2018-11-22 21:41:16,943 INFO exited: spark-master (exit status 254; not expected)
2018-11-22 21:41:17,947 INFO spawned: 'spark-master' with pid 19
2018-11-22 21:41:18,914 INFO exited: spark-master (exit status 254; not expected)
2018-11-22 21:41:20,919 INFO spawned: 'spark-master' with pid 30
2018-11-22 21:41:21,497 INFO exited: spark-master (exit status 254; not expected)
2018-11-22 21:41:25,498 INFO spawned: 'spark-master' with pid 41
2018-11-22 21:41:26,483 INFO success: spark-master entered RUNNING state, process has stayed up for > than 1 seconds (startsecs)
2018-11-22 21:41:26,540 INFO exited: spark-master (exit status 254; not expected)
2018-11-22 21:41:27,547 INFO spawned: 'spark-master' with pid 52
2018-11-22 21:41:27,881 INFO exited: spark-master (exit status 254; not expected)
2018-11-22 21:41:28,888 INFO spawned: 'spark-master' with pid 63
2018-11-22 21:41:29,277 INFO exited: spark-master (exit status 254; not expected)
2018-11-22 21:41:31,284 INFO spawned: 'spark-master' with pid 74
2018-11-22 21:41:32,288 INFO success: spark-master entered RUNNING state, process has stayed up for > than 1 seconds (startsecs)
2018-11-22 21:41:32,308 INFO exited: spark-master (exit status 254; not expected)
2018-11-22 21:41:33,316 INFO spawned: 'spark-master' with pid 85
2018-11-22 21:41:33,637 INFO exited: spark-master (exit status 254; not expected)
2018-11-22 21:41:34,642 INFO spawned: 'spark-master' with pid 96
2018-11-22 21:41:34,969 INFO exited: spark-master (exit status 254; not expected)
2018-11-22 21:41:36,975 INFO spawned: 'spark-master' with pid 107
2018-11-22 21:41:37,290 INFO exited: spark-master (exit status 254; not expected)
2018-11-22 21:41:40,304 INFO spawned: 'spark-master' with pid 118
2018-11-22 21:41:40,633 INFO exited: spark-master (exit status 254; not expected)
2018-11-22 21:41:41,635 INFO gave up: spark-master entered FATAL state, too many start retries too quickly
2018-11-22 21:43:54,947 WARN received SIGTERM indicating exit request
2018-11-22 21:44:04,405 CRIT Supervisor running as root (no user in config file)
2018-11-22 21:44:04,415 INFO supervisord started with pid 1
2018-11-22 21:44:05,424 INFO spawned: 'spark-master' with pid 8
2018-11-22 21:44:06,430 INFO success: spark-master entered RUNNING state, process has stayed up for > than 1 seconds (startsecs)
2018-11-22 21:44:06,840 INFO exited: spark-master (exit status 254; not expected)
2018-11-22 21:44:07,845 INFO spawned: 'spark-master' with pid 19
2018-11-22 21:44:08,850 INFO success: spark-master entered RUNNING state, process has stayed up for > than 1 seconds (startsecs)
2018-11-22 21:44:09,278 INFO exited: spark-master (exit status 254; not expected)
2018-11-22 21:44:10,282 INFO spawned: 'spark-master' with pid 30
2018-11-22 21:44:11,086 INFO exited: spark-master (exit status 254; not expected)
2018-11-22 21:44:12,093 INFO spawned: 'spark-master' with pid 41
2018-11-22 21:44:13,098 INFO success: spark-master entered RUNNING state, process has stayed up for > than 1 seconds (startsecs)
2018-11-22 21:44:13,798 INFO exited: spark-master (exit status 254; not expected)
2018-11-22 21:44:14,802 INFO spawned: 'spark-master' with pid 60
2018-11-22 21:44:15,560 INFO exited: spark-master (exit status 254; not expected)
2018-11-22 21:44:16,568 INFO spawned: 'spark-master' with pid 71
2018-11-22 21:44:17,048 INFO exited: spark-master (exit status 254; not expected)
2018-11-22 21:44:19,055 INFO spawned: 'spark-master' with pid 82
2018-11-22 21:44:19,379 INFO exited: spark-master (exit status 254; not expected)
2018-11-22 21:44:23,373 INFO spawned: 'spark-master' with pid 93
2018-11-22 21:44:23,774 INFO exited: spark-master (exit status 254; not expected)
2018-11-22 21:44:23,976 INFO gave up: spark-master entered FATAL state, too many start retries too quickly
2018-11-22 21:44:23,983 WARN received SIGTERM indicating exit request
2018-11-22 21:46:17,761 CRIT Supervisor running as root (no user in config file)
2018-11-22 21:46:17,773 INFO supervisord started with pid 1
2018-11-22 21:46:18,779 INFO spawned: 'spark-master' with pid 9
2018-11-22 21:46:19,660 INFO exited: spark-master (exit status 254; not expected)
2018-11-22 21:46:20,665 INFO spawned: 'spark-master' with pid 20
2018-11-22 21:46:21,328 INFO exited: spark-master (exit status 254; not expected)
2018-11-22 21:46:24,313 INFO spawned: 'spark-master' with pid 31
2018-11-22 21:46:25,080 INFO exited: spark-master (exit status 254; not expected)
2018-11-22 21:46:28,089 INFO spawned: 'spark-master' with pid 49
2018-11-22 21:46:28,402 INFO exited: spark-master (exit status 254; not expected)
2018-11-22 21:46:29,405 INFO gave up: spark-master entered FATAL state, too many start retries too quickly
2018-11-22 21:47:32,891 WARN received SIGTERM indicating exit request
2018-11-22 21:48:53,002 CRIT Supervisor running as root (no user in config file)
2018-11-22 21:48:53,010 INFO supervisord started with pid 1
2018-11-22 21:48:54,014 INFO spawned: 'spark-master' with pid 8
2018-11-22 21:48:54,456 INFO exited: spark-master (exit status 1; not expected)
2018-11-22 21:48:55,461 INFO spawned: 'spark-master' with pid 27
2018-11-22 21:48:55,945 INFO exited: spark-master (exit status 1; not expected)
2018-11-22 21:48:57,950 INFO spawned: 'spark-master' with pid 54
2018-11-22 21:48:58,396 INFO exited: spark-master (exit status 1; not expected)
2018-11-22 21:49:01,407 INFO spawned: 'spark-master' with pid 73
2018-11-22 21:49:01,839 INFO exited: spark-master (exit status 1; not expected)
2018-11-22 21:49:02,842 INFO gave up: spark-master entered FATAL state, too many start retries too quickly
2018-11-22 21:49:46,802 WARN received SIGTERM indicating exit request
2018-11-22 21:50:42,617 CRIT Supervisor running as root (no user in config file)
2018-11-22 21:50:42,635 INFO supervisord started with pid 1
2018-11-22 21:50:43,643 INFO spawned: 'spark-master' with pid 8
2018-11-22 21:50:44,127 INFO exited: spark-master (exit status 1; not expected)
2018-11-22 21:50:45,131 INFO spawned: 'spark-master' with pid 27
2018-11-22 21:50:45,661 INFO exited: spark-master (exit status 1; not expected)
2018-11-22 21:50:47,668 INFO spawned: 'spark-master' with pid 52
2018-11-22 21:50:48,106 INFO exited: spark-master (exit status 1; not expected)
2018-11-22 21:50:51,121 INFO spawned: 'spark-master' with pid 72
2018-11-22 21:50:51,558 INFO exited: spark-master (exit status 1; not expected)
2018-11-22 21:50:52,541 INFO gave up: spark-master entered FATAL state, too many start retries too quickly
2018-11-22 21:51:50,513 WARN received SIGTERM indicating exit request
2018-11-22 21:54:49,877 CRIT Supervisor running as root (no user in config file)
2018-11-22 21:54:49,886 INFO supervisord started with pid 1
2018-11-22 21:54:50,889 INFO spawned: 'spark-master' with pid 8
2018-11-22 21:54:51,353 INFO exited: spark-master (exit status 1; not expected)
2018-11-22 21:54:53,339 INFO spawned: 'spark-master' with pid 27
2018-11-22 21:54:53,917 INFO exited: spark-master (exit status 1; not expected)
2018-11-22 21:54:55,923 INFO spawned: 'spark-master' with pid 52
2018-11-22 21:54:56,358 INFO exited: spark-master (exit status 1; not expected)
2018-11-22 21:54:59,372 INFO spawned: 'spark-master' with pid 72
2018-11-22 21:54:59,829 INFO exited: spark-master (exit status 1; not expected)
2018-11-22 21:55:00,833 INFO gave up: spark-master entered FATAL state, too many start retries too quickly
2018-11-22 21:58:14,894 WARN received SIGTERM indicating exit request
2018-11-22 22:01:40,585 CRIT Supervisor running as root (no user in config file)
2018-11-22 22:01:40,592 INFO supervisord started with pid 1
2018-11-22 22:01:41,599 INFO spawned: 'spark-master' with pid 8
2018-11-22 22:01:41,699 INFO exited: spark-master (exit status 1; not expected)
2018-11-22 22:01:42,706 INFO spawned: 'spark-master' with pid 15
2018-11-22 22:01:42,947 INFO exited: spark-master (exit status 1; not expected)
2018-11-22 22:01:44,965 INFO spawned: 'spark-master' with pid 22
2018-11-22 22:01:45,145 INFO exited: spark-master (exit status 1; not expected)
2018-11-22 22:01:48,155 INFO spawned: 'spark-master' with pid 29
2018-11-22 22:01:48,251 INFO exited: spark-master (exit status 1; not expected)
2018-11-22 22:01:49,258 INFO gave up: spark-master entered FATAL state, too many start retries too quickly
2018-11-22 22:02:18,360 WARN received SIGTERM indicating exit request
2018-11-22 22:02:33,256 CRIT Supervisor running as root (no user in config file)
2018-11-22 22:02:33,263 INFO supervisord started with pid 1
2018-11-22 22:02:34,268 INFO spawned: 'spark-master' with pid 9
2018-11-22 22:02:34,398 INFO exited: spark-master (exit status 1; not expected)
2018-11-22 22:02:35,404 INFO spawned: 'spark-master' with pid 16
2018-11-22 22:02:35,556 INFO exited: spark-master (exit status 1; not expected)
2018-11-22 22:02:37,571 INFO spawned: 'spark-master' with pid 23
2018-11-22 22:02:37,763 INFO exited: spark-master (exit status 1; not expected)
2018-11-22 22:02:40,778 INFO spawned: 'spark-master' with pid 30
2018-11-22 22:02:40,873 INFO exited: spark-master (exit status 1; not expected)
2018-11-22 22:02:41,877 INFO gave up: spark-master entered FATAL state, too many start retries too quickly
2018-11-22 22:04:11,507 WARN received SIGTERM indicating exit request
2018-11-22 22:04:13,902 CRIT Supervisor running as root (no user in config file)
2018-11-22 22:04:13,913 INFO supervisord started with pid 1
2018-11-22 22:04:14,917 INFO spawned: 'spark-master' with pid 8
2018-11-22 22:04:15,029 INFO exited: spark-master (exit status 1; not expected)
2018-11-22 22:04:16,035 INFO spawned: 'spark-master' with pid 15
2018-11-22 22:04:16,131 INFO exited: spark-master (exit status 1; not expected)
2018-11-22 22:04:18,141 INFO spawned: 'spark-master' with pid 22
2018-11-22 22:04:18,259 INFO exited: spark-master (exit status 1; not expected)
2018-11-22 22:04:21,273 INFO spawned: 'spark-master' with pid 35
2018-11-22 22:04:21,373 INFO exited: spark-master (exit status 1; not expected)
2018-11-22 22:04:22,356 INFO gave up: spark-master entered FATAL state, too many start retries too quickly
2018-11-22 22:05:16,229 WARN received SIGTERM indicating exit request
2018-11-22 22:05:18,624 CRIT Supervisor running as root (no user in config file)
2018-11-22 22:05:18,630 INFO supervisord started with pid 1
2018-11-22 22:05:19,633 INFO spawned: 'spark-master' with pid 8
2018-11-22 22:05:19,734 INFO exited: spark-master (exit status 1; not expected)
2018-11-22 22:05:20,739 INFO spawned: 'spark-master' with pid 15
2018-11-22 22:05:20,834 INFO exited: spark-master (exit status 1; not expected)
2018-11-22 22:05:23,819 INFO spawned: 'spark-master' with pid 29
2018-11-22 22:05:23,910 INFO exited: spark-master (exit status 1; not expected)
2018-11-22 22:05:26,928 INFO spawned: 'spark-master' with pid 37
2018-11-22 22:05:27,021 INFO exited: spark-master (exit status 1; not expected)
2018-11-22 22:05:28,024 INFO gave up: spark-master entered FATAL state, too many start retries too quickly
2018-11-22 22:30:43,228 WARN received SIGTERM indicating exit request
