2018-11-22 22:30:45,764 CRIT Supervisor running as root (no user in config file)
2018-11-22 22:30:45,771 INFO supervisord started with pid 1
2018-11-22 22:30:46,781 INFO spawned: 'spark-master' with pid 8
2018-11-22 22:30:46,866 INFO exited: spark-master (exit status 1; not expected)
2018-11-22 22:30:47,881 INFO spawned: 'spark-master' with pid 15
2018-11-22 22:30:48,256 INFO exited: spark-master (exit status 1; not expected)
2018-11-22 22:30:50,266 INFO spawned: 'spark-master' with pid 22
2018-11-22 22:30:50,349 INFO exited: spark-master (exit status 1; not expected)
2018-11-22 22:30:54,351 INFO spawned: 'spark-master' with pid 29
2018-11-22 22:30:54,486 INFO exited: spark-master (exit status 1; not expected)
2018-11-22 22:30:55,489 INFO gave up: spark-master entered FATAL state, too many start retries too quickly
2018-11-22 22:34:02,075 WARN received SIGTERM indicating exit request
2018-11-22 22:34:04,628 CRIT Supervisor running as root (no user in config file)
2018-11-22 22:34:04,635 INFO supervisord started with pid 1
2018-11-22 22:34:05,640 INFO spawned: 'spark-master' with pid 8
2018-11-22 22:34:05,727 INFO exited: spark-master (exit status 1; not expected)
2018-11-22 22:34:06,734 INFO spawned: 'spark-master' with pid 15
2018-11-22 22:34:06,816 INFO exited: spark-master (exit status 1; not expected)
2018-11-22 22:34:08,825 INFO spawned: 'spark-master' with pid 27
2018-11-22 22:34:08,911 INFO exited: spark-master (exit status 1; not expected)
2018-11-22 22:34:11,926 INFO spawned: 'spark-master' with pid 35
2018-11-22 22:34:12,008 INFO exited: spark-master (exit status 1; not expected)
2018-11-22 22:34:13,013 INFO gave up: spark-master entered FATAL state, too many start retries too quickly
2018-11-22 22:35:46,030 WARN received SIGTERM indicating exit request
